#
# A fatal error has been detected by the Java Runtime Environment:
#
#  EXCEPTION_ACCESS_VIOLATION (0xc0000005) at pc=0x0000000000000000, pid=5928, tid=5384
#
# JRE version: 7.0_13-b20
# Java VM: Java HotSpot(TM) 64-Bit Server VM (23.7-b01 mixed mode windows-amd64 compressed oops)
# Problematic frame:
# C  0x0000000000000000
#
# Failed to write core dump. Minidumps are not enabled by default on client versions of Windows
#
# If you would like to submit a bug report, please visit:
#   http://bugreport.sun.com/bugreport/crash.jsp
# The crash happened outside the Java Virtual Machine in native code.
# See problematic frame for where to report the bug.
#

---------------  T H R E A D  ---------------

Current thread (0x000000000b494800):  JavaThread "LWJGL Application" [_thread_in_native, id=5384, stack(0x000000000d0b0000,0x000000000d1b0000)]

siginfo: ExceptionCode=0xc0000005, ExceptionInformation=0x0000000000000008 0x0000000000000000

Registers:
RAX=0x00000000001bce90, RBX=0x00000000001bcd90, RCX=0x00000000001bcd90, RDX=0x0000000000161fe0
RSP=0x000000000d1aeeb8, RBP=0x0000000000190420, RSI=0x0000000000161fe0, RDI=0x0000000000161fe0
R8 =0x0000000000161fe0, R9 =0x00000000001bcd90, R10=0x00000000025f237c, R11=0x000000006b361f50
R12=0x0000000000000000, R13=0x00000000bc365338, R14=0x000000000d1af018, R15=0x000000000b494800
RIP=0x0000000000000000, EFLAGS=0x0000000000010206

Top of Stack: (sp=0x000000000d1aeeb8)
0x000000000d1aeeb8:   0000000065593b72 0000000000000000
0x000000000d1aeec8:   00000000025e61f8 0000239750e1a900
0x000000000d1aeed8:   000000000d1aeed8 000000000d1aeee0
0x000000000d1aeee8:   00000000001bcd90 000000000018f760
0x000000000d1aeef8:   00000000655a2003 0000000000000000
0x000000000d1aef08:   00000000bbf63c00 00000000001bbc90
0x000000000d1aef18:   0000000000000808 00000000bc365338
0x000000000d1aef28:   0000000000000000 0000000000000000
0x000000000d1aef38:   000000000d1aefd8 0000000000000000
0x000000000d1aef48:   00000000025f23a8 00000000ebb0e430
0x000000000d1aef58:   000000000d1aef58 00000000bbe024c8
0x000000000d1aef68:   000000000d1aefb0 00000000bbea74e0
0x000000000d1aef78:   0000000000000000 00000000bbe024d8
0x000000000d1aef88:   0000000000000000 000000000d1aefa8
0x000000000d1aef98:   000000000d1aef98 0000000000000000
0x000000000d1aefa8:   000000000d1af018 00000000bc377e08 

Instructions: (pc=0x0000000000000000)
0xffffffffffffffe0:   


Register to memory mapping:

RAX=0x00000000001bce90 is an unknown value
RBX=0x00000000001bcd90 is an unknown value
RCX=0x00000000001bcd90 is an unknown value
RDX=0x0000000000161fe0 is an unknown value
RSP=0x000000000d1aeeb8 is pointing into the stack for thread: 0x000000000b494800
RBP=0x0000000000190420 is an unknown value
RSI=0x0000000000161fe0 is an unknown value
RDI=0x0000000000161fe0 is an unknown value
R8 =0x0000000000161fe0 is an unknown value
R9 =0x00000000001bcd90 is an unknown value
R10=0x00000000025f237c is an Interpreter codelet
method entry point (kind = native)  [0x00000000025f2100, 0x00000000025f2980]  2176 bytes
R11=0x000000006b361f50 is an unknown value
R12=0x0000000000000000 is an unknown value
R13=0x00000000bc365338 is an oop
{method} 
 - klass: {other class}
R14=0x000000000d1af018 is pointing into the stack for thread: 0x000000000b494800
R15=0x000000000b494800 is a thread


Stack: [0x000000000d0b0000,0x000000000d1b0000],  sp=0x000000000d1aeeb8,  free space=1019k
Java frames: (J=compiled Java code, j=interpreted, Vv=VM code)
j  com.badlogic.gdx.physics.box2d.World.jniDestroyJoint(JJ)V+0
j  com.badlogic.gdx.physics.box2d.World.destroyJoint(Lcom/badlogic/gdx/physics/box2d/Joint;)V+62
j  de.redlion.BoyInTheBubble.Bubble.destroyMouseJoint()V+7
j  de.redlion.BoyInTheBubble.OrthoCamController.touchUp(IIII)Z+11
j  com.badlogic.gdx.backends.lwjgl.LwjglInput.processEvents()V+283
j  com.badlogic.gdx.backends.lwjgl.LwjglApplication.mainLoop()V+511
j  com.badlogic.gdx.backends.lwjgl.LwjglApplication$1.run()V+27
v  ~StubRoutines::call_stub

---------------  P R O C E S S  ---------------

Java Threads: ( => current thread )
  0x000000000b526800 JavaThread "LWJGL Timer" daemon [_thread_blocked, id=5136, stack(0x0000000011220000,0x0000000011320000)]
  0x000000000226c800 JavaThread "DestroyJavaVM" [_thread_blocked, id=4592, stack(0x00000000024e0000,0x00000000025e0000)]
=>0x000000000b494800 JavaThread "LWJGL Application" [_thread_in_native, id=5384, stack(0x000000000d0b0000,0x000000000d1b0000)]
  0x000000000b228000 JavaThread "Service Thread" daemon [_thread_blocked, id=4376, stack(0x000000000b8e0000,0x000000000b9e0000)]
  0x000000000b223000 JavaThread "C2 CompilerThread1" daemon [_thread_blocked, id=6104, stack(0x000000000baa0000,0x000000000bba0000)]
  0x000000000b20d800 JavaThread "C2 CompilerThread0" daemon [_thread_blocked, id=1636, stack(0x000000000b7c0000,0x000000000b8c0000)]
  0x000000000b20d000 JavaThread "Attach Listener" daemon [_thread_blocked, id=5284, stack(0x000000000afb0000,0x000000000b0b0000)]
  0x000000000b20c000 JavaThread "Signal Dispatcher" daemon [_thread_blocked, id=5988, stack(0x000000000b600000,0x000000000b700000)]
  0x00000000092c9800 JavaThread "Finalizer" daemon [_thread_blocked, id=5536, stack(0x000000000b0c0000,0x000000000b1c0000)]
  0x00000000092c3800 JavaThread "Reference Handler" daemon [_thread_blocked, id=5232, stack(0x000000000aeb0000,0x000000000afb0000)]

Other Threads:
  0x00000000092b5000 VMThread [stack: 0x000000000adb0000,0x000000000aeb0000] [id=2940]
  0x000000000b242800 WatcherThread [stack: 0x000000000bc60000,0x000000000bd60000] [id=3600]

VM state:not at safepoint (normal execution)

VM Mutex/Monitor currently owned by a thread: None

Heap
 PSYoungGen      total 18816K, used 11447K [0x00000000eb000000, 0x00000000ec500000, 0x0000000100000000)
  eden space 16128K, 70% used [0x00000000eb000000,0x00000000ebb2df68,0x00000000ebfc0000)
  from space 2688K, 0% used [0x00000000ec260000,0x00000000ec260000,0x00000000ec500000)
  to   space 2688K, 0% used [0x00000000ebfc0000,0x00000000ebfc0000,0x00000000ec260000)
 ParOldGen       total 43008K, used 0K [0x00000000c1000000, 0x00000000c3a00000, 0x00000000eb000000)
  object space 43008K, 0% used [0x00000000c1000000,0x00000000c1000000,0x00000000c3a00000)
 PSPermGen       total 21248K, used 6319K [0x00000000bbe00000, 0x00000000bd2c0000, 0x00000000c1000000)
  object space 21248K, 29% used [0x00000000bbe00000,0x00000000bc42bfb8,0x00000000bd2c0000)

Card table byte_map: [0x00000000055e0000,0x0000000005810000] byte_map_base: 0x0000000005001000

Polling page: 0x00000000006b0000

Code Cache  [0x00000000025e0000, 0x0000000002850000, 0x00000000055e0000)
 total_blobs=438 nmethods=51 adapters=339 free_code_cache=48599Kb largest_free_block=49749248

Compilation events (10 events):
Event: 1.382 Thread 0x000000000b223000   46             com.badlogic.gdx.math.Vector2::set (18 bytes)
Event: 1.382 Thread 0x000000000b20d800   47             com.badlogic.gdx.graphics.glutils.ShapeRenderer::line (129 bytes)
Event: 1.383 Thread 0x000000000b223000 nmethod 46 0x000000000266b6d0 code [0x000000000266b800, 0x000000000266b878]
Event: 1.395 Thread 0x000000000b20d800 nmethod 47 0x000000000266a390 code [0x000000000266a560, 0x000000000266aab0]
Event: 1.415 Thread 0x000000000b223000   48             com.badlogic.gdx.physics.box2d.Box2DDebugRenderer::drawSolidCircle (247 bytes)
Event: 1.433 Thread 0x000000000b223000 nmethod 48 0x000000000266b910 code [0x000000000266bb00, 0x000000000266c1b0]
Event: 1.782 Thread 0x000000000b20d800   49             com.badlogic.gdx.utils.LongMap::getStash (54 bytes)
Event: 1.787 Thread 0x000000000b20d800 nmethod 49 0x000000000266a010 code [0x000000000266a140, 0x000000000266a298]
Event: 2.164 Thread 0x000000000b223000   50             java.nio.Buffer::checkIndex (22 bytes)
Event: 2.165 Thread 0x000000000b223000 nmethod 50 0x0000000002669dd0 code [0x0000000002669f00, 0x0000000002669f78]

GC Heap History (0 events):
No events

Deoptimization events (0 events):
No events

Internal exceptions (10 events):
Event: 0.933 Thread 0x000000000b494800 Threw 0x00000000ebadd898 at C:\jdk7u2_64p\jdk7u13\hotspot\src\share\vm\prims\jvm.cpp:1166
Event: 0.952 Thread 0x000000000b494800 Threw 0x00000000ebae0758 at C:\jdk7u2_64p\jdk7u13\hotspot\src\share\vm\prims\jvm.cpp:1166
Event: 0.952 Thread 0x000000000b494800 Threw 0x00000000ebae4960 at C:\jdk7u2_64p\jdk7u13\hotspot\src\share\vm\prims\jvm.cpp:1166
Event: 0.953 Thread 0x000000000b494800 Threw 0x00000000ebae7da8 at C:\jdk7u2_64p\jdk7u13\hotspot\src\share\vm\prims\jvm.cpp:1166
Event: 0.953 Thread 0x000000000b494800 Threw 0x00000000ebaec560 at C:\jdk7u2_64p\jdk7u13\hotspot\src\share\vm\prims\jvm.cpp:1166
Event: 0.954 Thread 0x000000000b494800 Threw 0x00000000ebaf0de8 at C:\jdk7u2_64p\jdk7u13\hotspot\src\share\vm\prims\jvm.cpp:1166
Event: 0.955 Thread 0x000000000b494800 Threw 0x00000000ebaf5890 at C:\jdk7u2_64p\jdk7u13\hotspot\src\share\vm\prims\jvm.cpp:1166
Event: 0.957 Thread 0x000000000b494800 Threw 0x00000000ebafb3d0 at C:\jdk7u2_64p\jdk7u13\hotspot\src\share\vm\prims\jvm.cpp:1166
Event: 0.958 Thread 0x000000000b494800 Threw 0x00000000ebaff900 at C:\jdk7u2_64p\jdk7u13\hotspot\src\share\vm\prims\jvm.cpp:1166
Event: 0.959 Thread 0x000000000b494800 Threw 0x00000000ebb03b68 at C:\jdk7u2_64p\jdk7u13\hotspot\src\share\vm\prims\jvm.cpp:1166

Events (10 events):
Event: 0.955 loading class 0x00000000092bcd30 done
Event: 0.955 loading class 0x000000000b2918a0
Event: 0.955 loading class 0x000000000b2918a0 done
Event: 0.957 loading class 0x000000000b35bd60
Event: 0.957 loading class 0x000000000b35bd60 done
Event: 0.958 loading class 0x000000000b58e900
Event: 0.958 loading class 0x000000000b58e900 done
Event: 0.959 loading class 0x000000000b57dd60
Event: 0.959 loading class 0x000000000b57dd60 done
Event: 0.959 Thread 0x000000000b526800 Thread added: 0x000000000b526800


Dynamic libraries:
0x000000013f660000 - 0x000000013f693000 	C:\Program Files\Java\jre7\bin\javaw.exe
0x0000000077880000 - 0x0000000077a29000 	C:\Windows\SYSTEM32\ntdll.dll
0x0000000077510000 - 0x000000007762f000 	C:\Windows\system32\kernel32.dll
0x000007fefdfa0000 - 0x000007fefe00b000 	C:\Windows\system32\KERNELBASE.dll
0x000007fefeb50000 - 0x000007fefec2b000 	C:\Windows\system32\ADVAPI32.dll
0x000007fefea70000 - 0x000007fefeb0f000 	C:\Windows\system32\msvcrt.dll
0x000007fefeb30000 - 0x000007fefeb4f000 	C:\Windows\SYSTEM32\sechost.dll
0x000007fefe190000 - 0x000007fefe2bd000 	C:\Windows\system32\RPCRT4.dll
0x0000000077780000 - 0x000000007787a000 	C:\Windows\system32\USER32.dll
0x000007fefec30000 - 0x000007fefec97000 	C:\Windows\system32\GDI32.dll
0x000007fefe930000 - 0x000007fefe93e000 	C:\Windows\system32\LPK.dll
0x000007fefe830000 - 0x000007fefe8f9000 	C:\Windows\system32\USP10.dll
0x000007fefc620000 - 0x000007fefc814000 	C:\Windows\WinSxS\amd64_microsoft.windows.common-controls_6595b64144ccf1df_6.0.7601.17514_none_fa396087175ac9ac\COMCTL32.dll
0x000007fefe9f0000 - 0x000007fefea61000 	C:\Windows\system32\SHLWAPI.dll
0x000007fefe900000 - 0x000007fefe92e000 	C:\Windows\system32\IMM32.DLL
0x000007feffa30000 - 0x000007feffb39000 	C:\Windows\system32\MSCTF.dll
0x000000006f6f0000 - 0x000000006f7c1000 	C:\Program Files\Java\jre7\bin\msvcr100.dll
0x000000006b1a0000 - 0x000000006b8bf000 	C:\Program Files\Java\jre7\bin\server\jvm.dll
0x000007fef68d0000 - 0x000007fef68d9000 	C:\Windows\system32\WSOCK32.dll
0x000007feffb40000 - 0x000007feffb8d000 	C:\Windows\system32\WS2_32.dll
0x000007fefe940000 - 0x000007fefe948000 	C:\Windows\system32\NSI.dll
0x000007fefa270000 - 0x000007fefa2ab000 	C:\Windows\system32\WINMM.dll
0x0000000077a40000 - 0x0000000077a47000 	C:\Windows\system32\PSAPI.DLL
0x000000006fa60000 - 0x000000006fa6f000 	C:\Program Files\Java\jre7\bin\verify.dll
0x000000006fa30000 - 0x000000006fa58000 	C:\Program Files\Java\jre7\bin\java.dll
0x000000006f9a0000 - 0x000000006f9b5000 	C:\Program Files\Java\jre7\bin\zip.dll
0x0000000065580000 - 0x0000000065610000 	C:\Users\Tino\AppData\Local\Temp\libgdxTino\76783180\gdx64.dll
0x0000000180000000 - 0x0000000180050000 	C:\Users\Tino\AppData\Local\Temp\libgdxTino\1284024257\lwjgl64.dll
0x000007fef5ba0000 - 0x000007fef5cbd000 	C:\Windows\system32\OPENGL32.dll
0x000007fefbb20000 - 0x000007fefbb4d000 	C:\Windows\system32\GLU32.dll
0x000007fefaa80000 - 0x000007fefab71000 	C:\Windows\system32\DDRAW.dll
0x000007fefba40000 - 0x000007fefba48000 	C:\Windows\system32\DCIMAN32.dll
0x000007fefe2c0000 - 0x000007fefe497000 	C:\Windows\system32\SETUPAPI.dll
0x000007fefdf60000 - 0x000007fefdf96000 	C:\Windows\system32\CFGMGR32.dll
0x000007fefe0b0000 - 0x000007fefe187000 	C:\Windows\system32\OLEAUT32.dll
0x000007fefe500000 - 0x000007fefe703000 	C:\Windows\system32\ole32.dll
0x000007fefddd0000 - 0x000007fefddea000 	C:\Windows\system32\DEVOBJ.dll
0x000007fefbfb0000 - 0x000007fefbfc8000 	C:\Windows\system32\dwmapi.dll
0x000007fefcc20000 - 0x000007fefcc2c000 	C:\Windows\system32\VERSION.dll
0x00000000021f0000 - 0x0000000002254000 	C:\Users\Tino\AppData\Local\Temp\libgdxTino\1284024257\OpenAL64.dll
0x000007fefeca0000 - 0x000007feffa28000 	C:\Windows\system32\SHELL32.dll
0x000007fefdc10000 - 0x000007fefdc1f000 	C:\Windows\system32\CRYPTBASE.dll
0x000007fefc3e0000 - 0x000007fefc436000 	C:\Windows\system32\uxtheme.dll
0x000007fefe790000 - 0x000007fefe829000 	C:\Windows\system32\CLBCatQ.DLL
0x000007fefc440000 - 0x000007fefc56c000 	C:\Windows\System32\PROPSYS.dll
0x000007fefdd90000 - 0x000007fefddc9000 	C:\Windows\system32\WINTRUST.dll
0x000007fefddf0000 - 0x000007fefdf5a000 	C:\Windows\system32\CRYPT32.dll
0x000007fefdd80000 - 0x000007fefdd8f000 	C:\Windows\system32\MSASN1.dll
0x000007fef5360000 - 0x000007fef53e8000 	C:\Windows\system32\dsound.dll
0x000007fefbb90000 - 0x000007fefbbbc000 	C:\Windows\system32\POWRPROF.dll
0x000007fefbfd0000 - 0x000007fefc01b000 	C:\Windows\System32\MMDevApi.dll
0x000007fef66a0000 - 0x000007fef66ef000 	C:\Windows\system32\AUDIOSES.DLL
0x0000000069500000 - 0x000000006a8af000 	C:\Windows\system32\nvoglv64.DLL
0x000007fefa2b0000 - 0x000007fefa34c000 	C:\Windows\system32\mscms.dll
0x000007fefcfb0000 - 0x000007fefcfce000 	C:\Windows\system32\USERENV.dll
0x000007fefdce0000 - 0x000007fefdcef000 	C:\Windows\system32\profapi.dll
0x000007fefb5e0000 - 0x000007fefb622000 	C:\Windows\system32\icm32.dll
0x000007fef6ab0000 - 0x000007fef6bd5000 	C:\Windows\system32\dbghelp.dll

VM Arguments:
jvm_args: -Dfile.encoding=Cp1252 
java_command: de.redlion.BoyInTheBubble.Main
Launcher Type: SUN_STANDARD

Environment Variables:
PATH=C:\Program Files (x86)\NVIDIA Corporation\PhysX\Common;C:\Windows\system32;C:\Windows;C:\Windows\System32\Wbem;C:\Windows\System32\WindowsPowerShell\v1.0\;C:\Program Files\Java\jdk1.7.0_03\bin;C:\Program Files (x86)\nodejs\;C:\Users\Tino\AppData\Roaming\npm\;C:\Program Files (x86)\OpenVPN\bin
USERNAME=Tino
OS=Windows_NT
PROCESSOR_IDENTIFIER=Intel64 Family 6 Model 30 Stepping 5, GenuineIntel



---------------  S Y S T E M  ---------------

OS: Windows 7 , 64 bit Build 7601 Service Pack 1

CPU:total 8 (4 cores per cpu, 2 threads per core) family 6 model 30 stepping 5, cmov, cx8, fxsr, mmx, sse, sse2, sse3, ssse3, sse4.1, sse4.2, popcnt, ht, tsc, tscinvbit

Memory: 4k page, physical 4125060k(1238684k free), swap 8248260k(4436836k free)

vm_info: Java HotSpot(TM) 64-Bit Server VM (23.7-b01) for windows-amd64 JRE (1.7.0_13-b20), built on Jan 30 2013 10:10:00 by "java_re" with unknown MS VC++:1600

time: Sun May 26 21:26:50 2013
elapsed time: 2 seconds

