#
# A fatal error has been detected by the Java Runtime Environment:
#
#  EXCEPTION_ACCESS_VIOLATION (0xc0000005) at pc=0x0000000000000000, pid=1772, tid=4996
#
# JRE version: 7.0_13-b20
# Java VM: Java HotSpot(TM) 64-Bit Server VM (23.7-b01 mixed mode windows-amd64 compressed oops)
# Problematic frame:
# C  0x0000000000000000
#
# Failed to write core dump. Minidumps are not enabled by default on client versions of Windows
#
# If you would like to submit a bug report, please visit:
#   http://bugreport.sun.com/bugreport/crash.jsp
# The crash happened outside the Java Virtual Machine in native code.
# See problematic frame for where to report the bug.
#

---------------  T H R E A D  ---------------

Current thread (0x000000000b352800):  JavaThread "LWJGL Application" [_thread_in_native, id=4996, stack(0x000000000c560000,0x000000000c660000)]

siginfo: ExceptionCode=0xc0000005, ExceptionInformation=0x0000000000000008 0x0000000000000000

Registers:
RAX=0x000000000035ce90, RBX=0x000000000035cd90, RCX=0x000000000035cd90, RDX=0x0000000000301fe0
RSP=0x000000000c65f308, RBP=0x000000000032f760, RSI=0x0000000000301fe0, RDI=0x0000000000301fe0
R8 =0x0000000000301fe0, R9 =0x000000000035cd90, R10=0x000000000243237c, R11=0x000000006b361f50
R12=0x0000000000000000, R13=0x00000000bc365338, R14=0x000000000c65f468, R15=0x000000000b352800
RIP=0x0000000000000000, EFLAGS=0x0000000000010202

Top of Stack: (sp=0x000000000c65f308)
0x000000000c65f308:   0000000065593b72 0000000000000000
0x000000000c65f318:   00000000024261f8 000023e33d3dab00
0x000000000c65f328:   000000000c65f328 000000000c65f330
0x000000000c65f338:   000000000035cd90 0000000000330420
0x000000000c65f348:   00000000655a2003 000000000c65f390
0x000000000c65f358:   00000000bbef9e70 000000000035bd90
0x000000000c65f368:   0000000000000809 00000000bc365338
0x000000000c65f378:   0000000000000000 0000000000000000
0x000000000c65f388:   000000000c65f428 0000000000000000
0x000000000c65f398:   00000000024323a8 00000000ebb429b0
0x000000000c65f3a8:   000000000c65f3a8 00000000bbe024c8
0x000000000c65f3b8:   000000000c65f400 00000000bbea74e0
0x000000000c65f3c8:   0000000000000000 00000000bbe024d8
0x000000000c65f3d8:   0000000000000000 000000000c65f3f8
0x000000000c65f3e8:   000000000c65f3e8 0000000000000000
0x000000000c65f3f8:   000000000c65f468 00000000bc377e08 

Instructions: (pc=0x0000000000000000)
0xffffffffffffffe0:   


Register to memory mapping:

RAX=0x000000000035ce90 is an unknown value
RBX=0x000000000035cd90 is an unknown value
RCX=0x000000000035cd90 is an unknown value
RDX=0x0000000000301fe0 is an unknown value
RSP=0x000000000c65f308 is pointing into the stack for thread: 0x000000000b352800
RBP=0x000000000032f760 is an unknown value
RSI=0x0000000000301fe0 is an unknown value
RDI=0x0000000000301fe0 is an unknown value
R8 =0x0000000000301fe0 is an unknown value
R9 =0x000000000035cd90 is an unknown value
R10=0x000000000243237c is an Interpreter codelet
method entry point (kind = native)  [0x0000000002432100, 0x0000000002432980]  2176 bytes
R11=0x000000006b361f50 is an unknown value
R12=0x0000000000000000 is an unknown value
R13=0x00000000bc365338 is an oop
{method} 
 - klass: {other class}
R14=0x000000000c65f468 is pointing into the stack for thread: 0x000000000b352800
R15=0x000000000b352800 is a thread


Stack: [0x000000000c560000,0x000000000c660000],  sp=0x000000000c65f308,  free space=1020k
Java frames: (J=compiled Java code, j=interpreted, Vv=VM code)
j  com.badlogic.gdx.physics.box2d.World.jniDestroyJoint(JJ)V+0
j  com.badlogic.gdx.physics.box2d.World.destroyJoint(Lcom/badlogic/gdx/physics/box2d/Joint;)V+62
j  de.redlion.BoyInTheBubble.Bubble.destroyMouseJoint()V+21
j  de.redlion.BoyInTheBubble.OrthoCamController.touchUp(IIII)Z+11
j  com.badlogic.gdx.backends.lwjgl.LwjglInput.processEvents()V+283
j  com.badlogic.gdx.backends.lwjgl.LwjglApplication.mainLoop()V+511
j  com.badlogic.gdx.backends.lwjgl.LwjglApplication$1.run()V+27
v  ~StubRoutines::call_stub

---------------  P R O C E S S  ---------------

Java Threads: ( => current thread )
  0x000000000b492800 JavaThread "LWJGL Timer" daemon [_thread_blocked, id=5568, stack(0x0000000014060000,0x0000000014160000)]
  0x00000000020fc800 JavaThread "DestroyJavaVM" [_thread_blocked, id=4040, stack(0x0000000002250000,0x0000000002350000)]
=>0x000000000b352800 JavaThread "LWJGL Application" [_thread_in_native, id=4996, stack(0x000000000c560000,0x000000000c660000)]
  0x000000000b17b000 JavaThread "Service Thread" daemon [_thread_blocked, id=5288, stack(0x000000000bcd0000,0x000000000bdd0000)]
  0x000000000b174800 JavaThread "C2 CompilerThread1" daemon [_thread_blocked, id=784, stack(0x000000000bad0000,0x000000000bbd0000)]
  0x000000000b15b000 JavaThread "C2 CompilerThread0" daemon [_thread_blocked, id=4640, stack(0x000000000b910000,0x000000000ba10000)]
  0x000000000b15a000 JavaThread "Attach Listener" daemon [_thread_blocked, id=5452, stack(0x000000000b6b0000,0x000000000b7b0000)]
  0x000000000b159000 JavaThread "Signal Dispatcher" daemon [_thread_blocked, id=6072, stack(0x000000000b520000,0x000000000b620000)]
  0x00000000092d6000 JavaThread "Finalizer" daemon [_thread_blocked, id=5900, stack(0x000000000acd0000,0x000000000add0000)]
  0x00000000092cf800 JavaThread "Reference Handler" daemon [_thread_blocked, id=2560, stack(0x000000000b010000,0x000000000b110000)]

Other Threads:
  0x00000000092c5000 VMThread [stack: 0x000000000add0000,0x000000000aed0000] [id=4560]
  0x000000000b18e000 WatcherThread [stack: 0x000000000aed0000,0x000000000afd0000] [id=5996]

VM state:not at safepoint (normal execution)

VM Mutex/Monitor currently owned by a thread: None

Heap
 PSYoungGen      total 18816K, used 11770K [0x00000000eb000000, 0x00000000ec500000, 0x0000000100000000)
  eden space 16128K, 72% used [0x00000000eb000000,0x00000000ebb7e9f8,0x00000000ebfc0000)
  from space 2688K, 0% used [0x00000000ec260000,0x00000000ec260000,0x00000000ec500000)
  to   space 2688K, 0% used [0x00000000ebfc0000,0x00000000ebfc0000,0x00000000ec260000)
 ParOldGen       total 43008K, used 0K [0x00000000c1000000, 0x00000000c3a00000, 0x00000000eb000000)
  object space 43008K, 0% used [0x00000000c1000000,0x00000000c1000000,0x00000000c3a00000)
 PSPermGen       total 21248K, used 6332K [0x00000000bbe00000, 0x00000000bd2c0000, 0x00000000c1000000)
  object space 21248K, 29% used [0x00000000bbe00000,0x00000000bc42f1c8,0x00000000bd2c0000)

Card table byte_map: [0x0000000005420000,0x0000000005650000] byte_map_base: 0x0000000004e41000

Polling page: 0x0000000000120000

Code Cache  [0x0000000002420000, 0x0000000002690000, 0x0000000005420000)
 total_blobs=476 nmethods=89 adapters=339 free_code_cache=48506Kb largest_free_block=49637632

Compilation events (10 events):
Event: 7.303 Thread 0x000000000b174800 nmethod 80 0x00000000024aff10 code [0x00000000024b0060, 0x00000000024b00e8]
Event: 7.303 Thread 0x000000000b15b000 nmethod 82 0x00000000024b1450 code [0x00000000024b15a0, 0x00000000024b1608]
Event: 7.304 Thread 0x000000000b174800   84             org.lwjgl.Sys::getTimerResolution (9 bytes)
Event: 7.304 Thread 0x000000000b15b000   85             org.lwjgl.WindowsSysImplementation::getTimerResolution (4 bytes)
Event: 7.304 Thread 0x000000000b15b000 nmethod 85 0x00000000024b0e90 code [0x00000000024b0fc0, 0x00000000024b1018]
Event: 7.304 Thread 0x000000000b174800 nmethod 84 0x00000000024a2410 code [0x00000000024a2540, 0x00000000024a2578]
Event: 7.351 Thread 0x000000000b15b000   86             org.lwjgl.opengl.Sync$RunningAvg::add (38 bytes)
Event: 7.353 Thread 0x000000000b15b000 nmethod 86 0x00000000024b0b90 code [0x00000000024b0cc0, 0x00000000024b0d98]
Event: 7.364 Thread 0x000000000b174800   88   !         org.lwjgl.opengl.Sync::sync (125 bytes)
Event: 7.391 Thread 0x000000000b174800 nmethod 88 0x00000000024b1b90 code [0x00000000024b1dc0, 0x00000000024b2628]

GC Heap History (0 events):
No events

Deoptimization events (4 events):
Event: 5.616 Thread 0x000000000b352800 Uncommon trap -34 fr.pc 0x00000000024b6410
Event: 5.632 Thread 0x000000000b352800 Uncommon trap -34 fr.pc 0x00000000024b6410
Event: 5.648 Thread 0x000000000b352800 Uncommon trap -34 fr.pc 0x00000000024b6410
Event: 5.665 Thread 0x000000000b352800 Uncommon trap -34 fr.pc 0x00000000024b6410

Internal exceptions (10 events):
Event: 0.909 Thread 0x000000000b352800 Threw 0x00000000ebadd898 at C:\jdk7u2_64p\jdk7u13\hotspot\src\share\vm\prims\jvm.cpp:1166
Event: 0.911 Thread 0x000000000b352800 Threw 0x00000000ebae0758 at C:\jdk7u2_64p\jdk7u13\hotspot\src\share\vm\prims\jvm.cpp:1166
Event: 0.912 Thread 0x000000000b352800 Threw 0x00000000ebae4930 at C:\jdk7u2_64p\jdk7u13\hotspot\src\share\vm\prims\jvm.cpp:1166
Event: 0.912 Thread 0x000000000b352800 Threw 0x00000000ebae7d78 at C:\jdk7u2_64p\jdk7u13\hotspot\src\share\vm\prims\jvm.cpp:1166
Event: 0.913 Thread 0x000000000b352800 Threw 0x00000000ebaec530 at C:\jdk7u2_64p\jdk7u13\hotspot\src\share\vm\prims\jvm.cpp:1166
Event: 0.914 Thread 0x000000000b352800 Threw 0x00000000ebaf0db8 at C:\jdk7u2_64p\jdk7u13\hotspot\src\share\vm\prims\jvm.cpp:1166
Event: 0.914 Thread 0x000000000b352800 Threw 0x00000000ebaf5860 at C:\jdk7u2_64p\jdk7u13\hotspot\src\share\vm\prims\jvm.cpp:1166
Event: 0.918 Thread 0x000000000b352800 Threw 0x00000000ebafb3a0 at C:\jdk7u2_64p\jdk7u13\hotspot\src\share\vm\prims\jvm.cpp:1166
Event: 0.918 Thread 0x000000000b352800 Threw 0x00000000ebaff8d0 at C:\jdk7u2_64p\jdk7u13\hotspot\src\share\vm\prims\jvm.cpp:1166
Event: 0.919 Thread 0x000000000b352800 Threw 0x00000000ebb03b38 at C:\jdk7u2_64p\jdk7u13\hotspot\src\share\vm\prims\jvm.cpp:1166

Events (10 events):
Event: 4.063 Executing VM operation: EnableBiasedLocking
Event: 4.063 Executing VM operation: EnableBiasedLocking done
Event: 5.616 Thread 0x000000000b352800 DEOPT PACKING pc=0x00000000024b6410 sp=0x000000000c65f4b0
Event: 5.616 Thread 0x000000000b352800 DEOPT UNPACKING pc=0x0000000002459164 sp=0x000000000c65f4a8 mode 2
Event: 5.632 Thread 0x000000000b352800 DEOPT PACKING pc=0x00000000024b6410 sp=0x000000000c65f4b0
Event: 5.632 Thread 0x000000000b352800 DEOPT UNPACKING pc=0x0000000002459164 sp=0x000000000c65f4a8 mode 2
Event: 5.648 Thread 0x000000000b352800 DEOPT PACKING pc=0x00000000024b6410 sp=0x000000000c65f4b0
Event: 5.648 Thread 0x000000000b352800 DEOPT UNPACKING pc=0x0000000002459164 sp=0x000000000c65f4a8 mode 2
Event: 5.665 Thread 0x000000000b352800 DEOPT PACKING pc=0x00000000024b6410 sp=0x000000000c65f4b0
Event: 5.665 Thread 0x000000000b352800 DEOPT UNPACKING pc=0x0000000002459164 sp=0x000000000c65f4a8 mode 2


Dynamic libraries:
0x000000013f590000 - 0x000000013f5c3000 	C:\Program Files\Java\jre7\bin\javaw.exe
0x0000000077880000 - 0x0000000077a29000 	C:\Windows\SYSTEM32\ntdll.dll
0x0000000077510000 - 0x000000007762f000 	C:\Windows\system32\kernel32.dll
0x000007fefdfa0000 - 0x000007fefe00b000 	C:\Windows\system32\KERNELBASE.dll
0x000007fefeb50000 - 0x000007fefec2b000 	C:\Windows\system32\ADVAPI32.dll
0x000007fefea70000 - 0x000007fefeb0f000 	C:\Windows\system32\msvcrt.dll
0x000007fefeb30000 - 0x000007fefeb4f000 	C:\Windows\SYSTEM32\sechost.dll
0x000007fefe190000 - 0x000007fefe2bd000 	C:\Windows\system32\RPCRT4.dll
0x0000000077780000 - 0x000000007787a000 	C:\Windows\system32\USER32.dll
0x000007fefec30000 - 0x000007fefec97000 	C:\Windows\system32\GDI32.dll
0x000007fefe930000 - 0x000007fefe93e000 	C:\Windows\system32\LPK.dll
0x000007fefe830000 - 0x000007fefe8f9000 	C:\Windows\system32\USP10.dll
0x000007fefc620000 - 0x000007fefc814000 	C:\Windows\WinSxS\amd64_microsoft.windows.common-controls_6595b64144ccf1df_6.0.7601.17514_none_fa396087175ac9ac\COMCTL32.dll
0x000007fefe9f0000 - 0x000007fefea61000 	C:\Windows\system32\SHLWAPI.dll
0x000007fefe900000 - 0x000007fefe92e000 	C:\Windows\system32\IMM32.DLL
0x000007feffa30000 - 0x000007feffb39000 	C:\Windows\system32\MSCTF.dll
0x000000006f6f0000 - 0x000000006f7c1000 	C:\Program Files\Java\jre7\bin\msvcr100.dll
0x000000006b1a0000 - 0x000000006b8bf000 	C:\Program Files\Java\jre7\bin\server\jvm.dll
0x000007fef68d0000 - 0x000007fef68d9000 	C:\Windows\system32\WSOCK32.dll
0x000007feffb40000 - 0x000007feffb8d000 	C:\Windows\system32\WS2_32.dll
0x000007fefe940000 - 0x000007fefe948000 	C:\Windows\system32\NSI.dll
0x000007fefa270000 - 0x000007fefa2ab000 	C:\Windows\system32\WINMM.dll
0x0000000077a40000 - 0x0000000077a47000 	C:\Windows\system32\PSAPI.DLL
0x000000006fa60000 - 0x000000006fa6f000 	C:\Program Files\Java\jre7\bin\verify.dll
0x000000006fa30000 - 0x000000006fa58000 	C:\Program Files\Java\jre7\bin\java.dll
0x000000006f9a0000 - 0x000000006f9b5000 	C:\Program Files\Java\jre7\bin\zip.dll
0x0000000065580000 - 0x0000000065610000 	C:\Users\Tino\AppData\Local\Temp\libgdxTino\76783180\gdx64.dll
0x0000000180000000 - 0x0000000180050000 	C:\Users\Tino\AppData\Local\Temp\libgdxTino\1284024257\lwjgl64.dll
0x000007fef5ba0000 - 0x000007fef5cbd000 	C:\Windows\system32\OPENGL32.dll
0x000007fefbb20000 - 0x000007fefbb4d000 	C:\Windows\system32\GLU32.dll
0x000007fefaa80000 - 0x000007fefab71000 	C:\Windows\system32\DDRAW.dll
0x000007fefba40000 - 0x000007fefba48000 	C:\Windows\system32\DCIMAN32.dll
0x000007fefe2c0000 - 0x000007fefe497000 	C:\Windows\system32\SETUPAPI.dll
0x000007fefdf60000 - 0x000007fefdf96000 	C:\Windows\system32\CFGMGR32.dll
0x000007fefe0b0000 - 0x000007fefe187000 	C:\Windows\system32\OLEAUT32.dll
0x000007fefe500000 - 0x000007fefe703000 	C:\Windows\system32\ole32.dll
0x000007fefddd0000 - 0x000007fefddea000 	C:\Windows\system32\DEVOBJ.dll
0x000007fefbfb0000 - 0x000007fefbfc8000 	C:\Windows\system32\dwmapi.dll
0x000007fefcc20000 - 0x000007fefcc2c000 	C:\Windows\system32\VERSION.dll
0x00000000057a0000 - 0x0000000005804000 	C:\Users\Tino\AppData\Local\Temp\libgdxTino\1284024257\OpenAL64.dll
0x000007fefeca0000 - 0x000007feffa28000 	C:\Windows\system32\SHELL32.dll
0x000007fefdc10000 - 0x000007fefdc1f000 	C:\Windows\system32\CRYPTBASE.dll
0x000007fefc3e0000 - 0x000007fefc436000 	C:\Windows\system32\uxtheme.dll
0x000007fefe790000 - 0x000007fefe829000 	C:\Windows\system32\CLBCatQ.DLL
0x000007fefc440000 - 0x000007fefc56c000 	C:\Windows\System32\PROPSYS.dll
0x000007fefdd90000 - 0x000007fefddc9000 	C:\Windows\system32\WINTRUST.dll
0x000007fefddf0000 - 0x000007fefdf5a000 	C:\Windows\system32\CRYPT32.dll
0x000007fefdd80000 - 0x000007fefdd8f000 	C:\Windows\system32\MSASN1.dll
0x000007fef5360000 - 0x000007fef53e8000 	C:\Windows\system32\dsound.dll
0x000007fefbb90000 - 0x000007fefbbbc000 	C:\Windows\system32\POWRPROF.dll
0x000007fefbfd0000 - 0x000007fefc01b000 	C:\Windows\System32\MMDevApi.dll
0x000007fef66a0000 - 0x000007fef66ef000 	C:\Windows\system32\AUDIOSES.DLL
0x0000000069500000 - 0x000000006a8af000 	C:\Windows\system32\nvoglv64.DLL
0x000007fefa2b0000 - 0x000007fefa34c000 	C:\Windows\system32\mscms.dll
0x000007fefcfb0000 - 0x000007fefcfce000 	C:\Windows\system32\USERENV.dll
0x000007fefdce0000 - 0x000007fefdcef000 	C:\Windows\system32\profapi.dll
0x000007fefb5e0000 - 0x000007fefb622000 	C:\Windows\system32\icm32.dll
0x000007fef6ab0000 - 0x000007fef6bd5000 	C:\Windows\system32\dbghelp.dll

VM Arguments:
jvm_args: -Dfile.encoding=Cp1252 
java_command: de.redlion.BoyInTheBubble.Main
Launcher Type: SUN_STANDARD

Environment Variables:
PATH=C:\Program Files (x86)\NVIDIA Corporation\PhysX\Common;C:\Windows\system32;C:\Windows;C:\Windows\System32\Wbem;C:\Windows\System32\WindowsPowerShell\v1.0\;C:\Program Files\Java\jdk1.7.0_03\bin;C:\Program Files (x86)\nodejs\;C:\Users\Tino\AppData\Roaming\npm\;C:\Program Files (x86)\OpenVPN\bin
USERNAME=Tino
OS=Windows_NT
PROCESSOR_IDENTIFIER=Intel64 Family 6 Model 30 Stepping 5, GenuineIntel



---------------  S Y S T E M  ---------------

OS: Windows 7 , 64 bit Build 7601 Service Pack 1

CPU:total 8 (4 cores per cpu, 2 threads per core) family 6 model 30 stepping 5, cmov, cx8, fxsr, mmx, sse, sse2, sse3, ssse3, sse4.1, sse4.2, popcnt, ht, tsc, tscinvbit

Memory: 4k page, physical 4125060k(1235220k free), swap 8248260k(4444048k free)

vm_info: Java HotSpot(TM) 64-Bit Server VM (23.7-b01) for windows-amd64 JRE (1.7.0_13-b20), built on Jan 30 2013 10:10:00 by "java_re" with unknown MS VC++:1600

time: Sun May 26 21:32:16 2013
elapsed time: 7 seconds

